<?xml version="1.0" encoding="utf-8"?><testsuites name="pytest tests"><testsuite name="pytest" errors="0" failures="0" skipped="0" tests="16" time="11.704" timestamp="2026-01-15T12:57:28.421110+00:00" hostname="agent-env-97859a52-75b0-4d57-978c-a8844dce6ff1"><testcase classname="tests.test_new_features.TestNewsletterCategories" name="test_get_newsletter_categories" time="0.077" /><testcase classname="tests.test_new_features.TestNewsletterPreferences" name="test_subscribe_with_preferences" time="2.998" /><testcase classname="tests.test_new_features.TestNewsletterPreferences" name="test_update_newsletter_preferences" time="2.738" /><testcase classname="tests.test_new_features.TestNewsletterPreferences" name="test_get_preferences_nonexistent_email" time="0.044" /><testcase classname="tests.test_new_features.TestCommentsRegisterVerify" name="test_register_commenter" time="2.658" /><testcase classname="tests.test_new_features.TestCommentsRegisterVerify" name="test_register_commenter_short_name" time="0.046" /><testcase classname="tests.test_new_features.TestCommentsRegisterVerify" name="test_verify_invalid_code" time="2.620" /><testcase classname="tests.test_new_features.TestCommentsRegisterVerify" name="test_verify_no_registration" time="0.042" /><testcase classname="tests.test_new_features.TestCommentsArticle" name="test_get_article_comments" time="0.082" /><testcase classname="tests.test_new_features.TestCommentsArticle" name="test_get_comments_nonexistent_article" time="0.038" /><testcase classname="tests.test_new_features.TestCommentsAuth" name="test_create_comment_unauthorized" time="0.086" /><testcase classname="tests.test_new_features.TestCommentsAuth" name="test_like_comment_unauthorized" time="0.039" /><testcase classname="tests.test_new_features.TestCommentsAuth" name="test_delete_comment_unauthorized" time="0.040" /><testcase classname="tests.test_new_features.TestCommentsAuth" name="test_get_me_unauthorized" time="0.040" /><testcase classname="tests.test_new_features.TestArticleContent" name="test_articles_have_content" time="0.041" /><testcase classname="tests.test_new_features.TestCommentsLogout" name="test_logout_without_token" time="0.035" /></testsuite></testsuites>