<?xml version="1.0" encoding="utf-8"?><testsuites name="pytest tests"><testsuite name="pytest" errors="0" failures="0" skipped="0" tests="18" time="5.510" timestamp="2026-01-10T10:02:17.089242+00:00" hostname="agent-env-73755f03-c85d-4336-bbc7-1c93343ad118"><testcase classname="tests.test_facebook_features.TestBackendHealth" name="test_articles_endpoint_accessible" time="0.072" /><testcase classname="tests.test_facebook_features.TestBackendHealth" name="test_admin_login" time="0.038" /><testcase classname="tests.test_facebook_features.TestHashtagGeneration" name="test_hashtag_generation_with_chester_location" time="0.060" /><testcase classname="tests.test_facebook_features.TestHashtagGeneration" name="test_hashtag_generation_with_knutsford_location" time="0.000" /><testcase classname="tests.test_facebook_features.TestHashtagGeneration" name="test_hashtag_generation_with_warrington_location" time="0.000" /><testcase classname="tests.test_facebook_features.TestHashtagGeneration" name="test_hashtag_generation_health_category" time="0.000" /><testcase classname="tests.test_facebook_features.TestHashtagGeneration" name="test_hashtag_generation_sports_category" time="0.000" /><testcase classname="tests.test_facebook_features.TestHashtagGeneration" name="test_hashtag_generation_combination" time="0.000" /><testcase classname="tests.test_facebook_features.TestHashtagGeneration" name="test_hashtag_generation_topic_keywords" time="0.001" /><testcase classname="tests.test_facebook_features.TestHashtagGeneration" name="test_hashtag_limit" time="0.000" /><testcase classname="tests.test_facebook_features.TestDuplicatePrevention" name="test_duplicate_filter_method_exists" time="0.000" /><testcase classname="tests.test_facebook_features.TestDuplicatePrevention" name="test_duplicate_filter_by_url" time="0.000" /><testcase classname="tests.test_facebook_features.TestDuplicatePrevention" name="test_duplicate_filter_by_similar_title" time="0.000" /><testcase classname="tests.test_facebook_features.TestFacebookPostEndpoint" name="test_facebook_status_endpoint" time="0.274" /><testcase classname="tests.test_facebook_features.TestFacebookPostEndpoint" name="test_facebook_post_article_endpoint_exists" time="4.892" /><testcase classname="tests.test_facebook_features.TestScheduledFacebookPostLogic" name="test_facebook_post_log_collection_accessible" time="0.098" /><testcase classname="tests.test_facebook_features.TestHashtagIntegrationInPostArticle" name="test_post_article_method_uses_hashtags" time="0.003" /><testcase classname="tests.test_facebook_features.TestHashtagIntegrationInPostArticle" name="test_hashtags_added_to_message" time="0.001" /></testsuite></testsuites>