<?xml version="1.0" encoding="utf-8"?><testsuites name="pytest tests"><testsuite name="pytest" errors="0" failures="0" skipped="6" tests="22" time="1.409" timestamp="2026-01-10T10:29:19.104461+00:00" hostname="agent-env-73755f03-c85d-4336-bbc7-1c93343ad118"><testcase classname="tests.test_most_read_push_features.TestMostReadWidget" name="test_most_read_today_returns_success" time="0.077"><skipped type="pytest.skip" message="Route order bug - most-read matched as article_id">/app/tests/test_most_read_push_features.py:44: Route order bug - most-read matched as article_id</skipped></testcase><testcase classname="tests.test_most_read_push_features.TestMostReadWidget" name="test_most_read_week_returns_success" time="0.041"><skipped type="pytest.skip" message="Route order bug - most-read matched as article_id">/app/tests/test_most_read_push_features.py:58: Route order bug - most-read matched as article_id</skipped></testcase><testcase classname="tests.test_most_read_push_features.TestMostReadWidget" name="test_most_read_month_returns_success" time="0.040"><skipped type="pytest.skip" message="Route order bug - most-read matched as article_id">/app/tests/test_most_read_push_features.py:72: Route order bug - most-read matched as article_id</skipped></testcase><testcase classname="tests.test_most_read_push_features.TestMostReadWidget" name="test_most_read_custom_limit" time="0.046"><skipped type="pytest.skip" message="Route order bug - most-read matched as article_id">/app/tests/test_most_read_push_features.py:86: Route order bug - most-read matched as article_id</skipped></testcase><testcase classname="tests.test_most_read_push_features.TestMostReadWidget" name="test_most_read_article_structure" time="0.038"><skipped type="pytest.skip" message="Route order bug - most-read matched as article_id">/app/tests/test_most_read_push_features.py:100: Route order bug - most-read matched as article_id</skipped></testcase><testcase classname="tests.test_most_read_push_features.TestArticleViewTracking" name="test_track_view_returns_success" time="0.086" /><testcase classname="tests.test_most_read_push_features.TestArticleViewTracking" name="test_track_view_deduplication" time="0.120" /><testcase classname="tests.test_most_read_push_features.TestArticleViewTracking" name="test_track_view_invalid_article" time="0.039" /><testcase classname="tests.test_most_read_push_features.TestPushNotifications" name="test_vapid_public_key_returns_key" time="0.041" /><testcase classname="tests.test_most_read_push_features.TestPushNotifications" name="test_push_subscribe_endpoint_exists" time="0.044" /><testcase classname="tests.test_most_read_push_features.TestPushNotifications" name="test_push_subscribe_invalid_subscription" time="0.036" /><testcase classname="tests.test_most_read_push_features.TestPushNotifications" name="test_push_unsubscribe_endpoint_exists" time="0.038" /><testcase classname="tests.test_most_read_push_features.TestPushStatsWithAuth" name="test_push_stats_requires_auth" time="0.037" /><testcase classname="tests.test_most_read_push_features.TestPushStatsWithAuth" name="test_push_stats_with_auth" time="0.079" /><testcase classname="tests.test_most_read_push_features.TestBreakingNewsNotification" name="test_breaking_news_requires_auth" time="0.035" /><testcase classname="tests.test_most_read_push_features.TestBreakingNewsNotification" name="test_breaking_news_requires_title" time="0.076" /><testcase classname="tests.test_most_read_push_features.TestBreakingNewsNotification" name="test_breaking_news_with_valid_data" time="0.077" /><testcase classname="tests.test_most_read_push_features.TestSmartContentPrioritization" name="test_smart_articles_requires_auth" time="0.038" /><testcase classname="tests.test_most_read_push_features.TestSmartContentPrioritization" name="test_smart_articles_returns_scored_articles" time="0.071" /><testcase classname="tests.test_most_read_push_features.TestSmartContentPrioritization" name="test_smart_articles_scoring_logic" time="0.077" /><testcase classname="tests.test_most_read_push_features.TestSmartContentPrioritization" name="test_smart_articles_custom_limit" time="0.074" /><testcase classname="tests.test_most_read_push_features.TestIntegration" name="test_view_tracking_affects_most_read" time="0.107"><skipped type="pytest.skip" message="Route order bug - most-read endpoint not accessible">/app/tests/test_most_read_push_features.py:454: Route order bug - most-read endpoint not accessible</skipped></testcase></testsuite></testsuites>