<?xml version="1.0" encoding="utf-8"?><testsuites name="pytest tests"><testsuite name="pytest" errors="0" failures="0" skipped="0" tests="17" time="74.887" timestamp="2026-01-11T13:23:53.913574+00:00" hostname="agent-env-a0989690-37ee-402c-bfd4-7f2492eb71f1"><testcase classname="tests.test_scheduler_lock.TestSchedulerLockMechanism" name="test_lock_collection_exists" time="1.164" /><testcase classname="tests.test_scheduler_lock.TestSchedulerLockMechanism" name="test_concurrent_scheduler_calls_are_blocked" time="20.556" /><testcase classname="tests.test_scheduler_lock.TestSchedulerLockMechanism" name="test_lock_timeout_after_5_minutes" time="21.239" /><testcase classname="tests.test_scheduler_lock.TestDuplicateArticleDetection" name="test_title_pattern_extraction" time="0.000" /><testcase classname="tests.test_scheduler_lock.TestDuplicateArticleDetection" name="test_duplicate_detection_by_article_id" time="0.068" /><testcase classname="tests.test_scheduler_lock.Test24HourSlidingWindow" name="test_sliding_window_query" time="0.881" /><testcase classname="tests.test_scheduler_lock.Test24HourSlidingWindow" name="test_window_prevents_day_boundary_duplicates" time="0.000" /><testcase classname="tests.test_scheduler_lock.TestSchedulableArticlesEndpoint" name="test_endpoint_requires_auth" time="0.039" /><testcase classname="tests.test_scheduler_lock.TestSchedulableArticlesEndpoint" name="test_endpoint_returns_articles" time="0.039" /><testcase classname="tests.test_scheduler_lock.TestSchedulableArticlesEndpoint" name="test_endpoint_respects_limit" time="0.038" /><testcase classname="tests.test_scheduler_lock.TestPostSingleEndpoint" name="test_endpoint_requires_auth" time="0.039" /><testcase classname="tests.test_scheduler_lock.TestPostSingleEndpoint" name="test_endpoint_with_invalid_article_id" time="0.039" /><testcase classname="tests.test_scheduler_lock.TestPostSingleEndpoint" name="test_endpoint_with_valid_article_id" time="6.161" /><testcase classname="tests.test_scheduler_lock.TestRaceConditionVulnerability" name="test_lock_mechanism_uses_atomic_operation" time="0.001" /><testcase classname="tests.test_scheduler_lock.TestRaceConditionVulnerability" name="test_concurrent_lock_acquisition" time="24.511" /><testcase classname="tests.test_scheduler_lock.TestFacebookServiceDuplicateFilter" name="test_filter_duplicates_by_url" time="0.057" /><testcase classname="tests.test_scheduler_lock.TestFacebookServiceDuplicateFilter" name="test_filter_duplicates_by_similar_title" time="0.000" /></testsuite></testsuites>